[2020-12-06 19:12:12] local.ERROR: SQLSTATE[23505]: Unique violation: 7 ERROR:  duplicate key value violates unique constraint "users_email_unique"
DETAIL:  Key (email)=(smonsalvemej2019@fau.edu) already exists. (SQL: insert into "users" ("name", "password", "email", "updated_at", "created_at") values (user1, $2y$10$SODeApqoYyk/eDUCv.apeeGUtlrT2..cn7G4gGwFcWwinICXnTvEW, smonsalvemej2019@fau.edu, 2020-12-06 19:12:11, 2020-12-06 19:12:11) returning "id") {"exception":"[object] (Illuminate\\Database\\QueryException(code: 23505): SQLSTATE[23505]: Unique violation: 7 ERROR:  duplicate key value violates unique constraint \"users_email_unique\"
DETAIL:  Key (email)=(smonsalvemej2019@fau.edu) already exists. (SQL: insert into \"users\" (\"name\", \"password\", \"email\", \"updated_at\", \"created_at\") values (user1, $2y$10$SODeApqoYyk/eDUCv.apeeGUtlrT2..cn7G4gGwFcWwinICXnTvEW, smonsalvemej2019@fau.edu, 2020-12-06 19:12:11, 2020-12-06 19:12:11) returning \"id\") at /Users/santiagomonsalve/Documents/GitHub/hootpedia/Laravel_Hootpedia/vendor/laravel/framework/src/Illuminate/Database/Connection.php:678)
[stacktrace]
#0 /Users/santiagomonsalve/Documents/GitHub/hootpedia/Laravel_Hootpedia/vendor/laravel/framework/src/Illuminate/Database/Connection.php(638): Illuminate\\Database\\Connection->runQueryCallback('insert into \"us...', Array, Object(Closure))
#1 /Users/santiagomonsalve/Documents/GitHub/hootpedia/Laravel_Hootpedia/vendor/laravel/framework/src/Illuminate/Database/Connection.php(346): Illuminate\\Database\\Connection->run('insert into \"us...', Array, Object(Closure))
#2 /Users/santiagomonsalve/Documents/GitHub/hootpedia/Laravel_Hootpedia/vendor/laravel/framework/src/Illuminate/Database/Connection.php(316): Illuminate\\Database\\Connection->select('insert into \"us...', Array, false)
#3 /Users/santiagomonsalve/Documents/GitHub/hootpedia/Laravel_Hootpedia/vendor/laravel/framework/src/Illuminate/Database/Query/Processors/PostgresProcessor.php(24): Illuminate\\Database\\Connection->selectFromWriteConnection('insert into \"us...', Array)
#4 /Users/santiagomonsalve/Documents/GitHub/hootpedia/Laravel_Hootpedia/vendor/laravel/framework/src/Illuminate/Database/Query/Builder.php(2872): Illuminate\\Database\\Query\\Processors\\PostgresProcessor->processInsertGetId(Object(Illuminate\\Database\\Query\\Builder), 'insert into \"us...', Array, 'id')
#5 /Users/santiagomonsalve/Documents/GitHub/hootpedia/Laravel_Hootpedia/vendor/laravel/framework/src/Illuminate/Database/Eloquent/Builder.php(1508): Illuminate\\Database\\Query\\Builder->insertGetId(Array, 'id')
#6 /Users/santiagomonsalve/Documents/GitHub/hootpedia/Laravel_Hootpedia/vendor/laravel/framework/src/Illuminate/Database/Eloquent/Model.php(1051): Illuminate\\Database\\Eloquent\\Builder->__call('insertGetId', Array)
#7 /Users/santiagomonsalve/Documents/GitHub/hootpedia/Laravel_Hootpedia/vendor/laravel/framework/src/Illuminate/Database/Eloquent/Model.php(1016): Illuminate\\Database\\Eloquent\\Model->insertAndSetId(Object(Illuminate\\Database\\Eloquent\\Builder), Array)
#8 /Users/santiagomonsalve/Documents/GitHub/hootpedia/Laravel_Hootpedia/vendor/laravel/framework/src/Illuminate/Database/Eloquent/Model.php(857): Illuminate\\Database\\Eloquent\\Model->performInsert(Object(Illuminate\\Database\\Eloquent\\Builder))
#9 /Users/santiagomonsalve/Documents/GitHub/hootpedia/Laravel_Hootpedia/app/Http/Controllers/RegisterController.php(37): Illuminate\\Database\\Eloquent\\Model->save()
#10 /Users/santiagomonsalve/Documents/GitHub/hootpedia/Laravel_Hootpedia/vendor/laravel/framework/src/Illuminate/Routing/Controller.php(54): App\\Http\\Controllers\\RegisterController->store()
#11 /Users/santiagomonsalve/Documents/GitHub/hootpedia/Laravel_Hootpedia/vendor/laravel/framework/src/Illuminate/Routing/ControllerDispatcher.php(45): Illuminate\\Routing\\Controller->callAction('store', Array)
#12 /Users/santiagomonsalve/Documents/GitHub/hootpedia/Laravel_Hootpedia/vendor/laravel/framework/src/Illuminate/Routing/Route.php(254): Illuminate\\Routing\\ControllerDispatcher->dispatch(Object(Illuminate\\Routing\\Route), Object(App\\Http\\Controllers\\RegisterController), 'store')
#13 /Users/santiagomonsalve/Documents/GitHub/hootpedia/Laravel_Hootpedia/vendor/laravel/framework/src/Illuminate/Routing/Route.php(197): Illuminate\\Routing\\Route->runController()
#14 /Users/santiagomonsalve/Documents/GitHub/hootpedia/Laravel_Hootpedia/vendor/laravel/framework/src/Illuminate/Routing/Router.php(692): Illuminate\\Routing\\Route->run()
#15 /Users/santiagomonsalve/Documents/GitHub/hootpedia/Laravel_Hootpedia/vendor/laravel/framework/src/Illuminate/Pipeline/Pipeline.php(128): Illuminate\\Routing\\Router->Illuminate\\Routing\\{closure}(Object(Illuminate\\Http\\Request))
#16 /Users/santiagomonsalve/Documents/GitHub/hootpedia/Laravel_Hootpedia/vendor/laravel/framework/src/Illuminate/Routing/Middleware/SubstituteBindings.php(41): Illuminate\\Pipeline\\Pipeline->Illuminate\\Pipeline\\{closure}(Object(Illuminate\\Http\\Request))
#17 /Users/santiagomonsalve/Documents/GitHub/hootpedia/Laravel_Hootpedia/vendor/laravel/framework/src/Illuminate/Pipeline/Pipeline.php(167): Illuminate\\Routing\\Middleware\\SubstituteBindings->handle(Object(Illuminate\\Http\\Request), Object(Closure))
#18 /Users/santiagomonsalve/Documents/GitHub/hootpedia/Laravel_Hootpedia/vendor/laravel/framework/src/Illuminate/Foundation/Http/Middleware/VerifyCsrfToken.php(77): Illuminate\\Pipeline\\Pipeline->Illuminate\\Pipeline\\{closure}(Object(Illuminate\\Http\\Request))
#19 /Users/santiagomonsalve/Documents/GitHub/hootpedia/Laravel_Hootpedia/vendor/laravel/framework/src/Illuminate/Pipeline/Pipeline.php(167): Illuminate\\Foundation\\Http\\Middleware\\VerifyCsrfToken->handle(Object(Illuminate\\Http\\Request), Object(Closure))
#20 /Users/santiagomonsalve/Documents/GitHub/hootpedia/Laravel_Hootpedia/vendor/laravel/framework/src/Illuminate/View/Middleware/ShareErrorsFromSession.php(49): Illuminate\\Pipeline\\Pipeline->Illuminate\\Pipeline\\{closure}(Object(Illuminate\\Http\\Request))
#21 /Users/santiagomonsalve/Documents/GitHub/hootpedia/Laravel_Hootpedia/vendor/laravel/framework/src/Illuminate/Pipeline/Pipeline.php(167): Illuminate\\View\\Middleware\\ShareErrorsFromSession->handle(Object(Illuminate\\Http\\Request), Object(Closure))
#22 /Users/santiagomonsalve/Documents/GitHub/hootpedia/Laravel_Hootpedia/vendor/laravel/framework/src/Illuminate/Session/Middleware/StartSession.php(121): Illuminate\\Pipeline\\Pipeline->Illuminate\\Pipeline\\{closure}(Object(Illuminate\\Http\\Request))
#23 /Users/santiagomonsalve/Documents/GitHub/hootpedia/Laravel_Hootpedia/vendor/laravel/framework/src/Illuminate/Session/Middleware/StartSession.php(63): Illuminate\\Session\\Middleware\\StartSession->handleStatefulRequest(Object(Illuminate\\Http\\Request), Object(Illuminate\\Session\\Store), Object(Closure))
#24 /Users/santiagomonsalve/Documents/GitHub/hootpedia/Laravel_Hootpedia/vendor/laravel/framework/src/Illuminate/Pipeline/Pipeline.php(167): Illuminate\\Session\\Middleware\\StartSession->handle(Object(Illuminate\\Http\\Request), Object(Closure))
#25 /Users/santiagomonsalve/Documents/GitHub/hootpedia/Laravel_Hootpedia/vendor/laravel/framework/src/Illuminate/Cookie/Middleware/AddQueuedCookiesToResponse.php(37): Illuminate\\Pipeline\\Pipeline->Illuminate\\Pipeline\\{closure}(Object(Illuminate\\Http\\Request))
#26 /Users/santiagomonsalve/Documents/GitHub/hootpedia/Laravel_Hootpedia/vendor/laravel/framework/src/Illuminate/Pipeline/Pipeline.php(167): Illuminate\\Cookie\\Middleware\\AddQueuedCookiesToResponse->handle(Object(Illuminate\\Http\\Request), Object(Closure))
#27 /Users/santiagomonsalve/Documents/GitHub/hootpedia/Laravel_Hootpedia/vendor/laravel/framework/src/Illuminate/Cookie/Middleware/EncryptCookies.php(67): Illuminate\\Pipeline\\Pipeline->Illuminate\\Pipeline\\{closure}(Object(Illuminate\\Http\\Request))
#28 /Users/santiagomonsalve/Documents/GitHub/hootpedia/Laravel_Hootpedia/vendor/laravel/framework/src/Illuminate/Pipeline/Pipeline.php(167): Illuminate\\Cookie\\Middleware\\EncryptCookies->handle(Object(Illuminate\\Http\\Request), Object(Closure))
#29 /Users/santiagomonsalve/Documents/GitHub/hootpedia/Laravel_Hootpedia/vendor/laravel/framework/src/Illuminate/Pipeline/Pipeline.php(103): Illuminate\\Pipeline\\Pipeline->Illuminate\\Pipeline\\{closure}(Object(Illuminate\\Http\\Request))
#30 /Users/santiagomonsalve/Documents/GitHub/hootpedia/Laravel_Hootpedia/vendor/laravel/framework/src/Illuminate/Routing/Router.php(694): Illuminate\\Pipeline\\Pipeline->then(Object(Closure))
#31 /Users/santiagomonsalve/Documents/GitHub/hootpedia/Laravel_Hootpedia/vendor/laravel/framework/src/Illuminate/Routing/Router.php(669): Illuminate\\Routing\\Router->runRouteWithinStack(Object(Illuminate\\Routing\\Route), Object(Illuminate\\Http\\Request))
#32 /Users/santiagomonsalve/Documents/GitHub/hootpedia/Laravel_Hootpedia/vendor/laravel/framework/src/Illuminate/Routing/Router.php(635): Illuminate\\Routing\\Router->runRoute(Object(Illuminate\\Http\\Request), Object(Illuminate\\Routing\\Route))
#33 /Users/santiagomonsalve/Documents/GitHub/hootpedia/Laravel_Hootpedia/vendor/laravel/framework/src/Illuminate/Routing/Router.php(624): Illuminate\\Routing\\Router->dispatchToRoute(Object(Illuminate\\Http\\Request))
#34 /Users/santiagomonsalve/Documents/GitHub/hootpedia/Laravel_Hootpedia/vendor/laravel/framework/src/Illuminate/Foundation/Http/Kernel.php(166): Illuminate\\Routing\\Router->dispatch(Object(Illuminate\\Http\\Request))
#35 /Users/santiagomonsalve/Documents/GitHub/hootpedia/Laravel_Hootpedia/vendor/laravel/framework/src/Illuminate/Pipeline/Pipeline.php(128): Illuminate\\Foundation\\Http\\Kernel->Illuminate\\Foundation\\Http\\{closure}(Object(Illuminate\\Http\\Request))
#36 /Users/santiagomonsalve/Documents/GitHub/hootpedia/Laravel_Hootpedia/vendor/laravel/framework/src/Illuminate/Foundation/Http/Middleware/TransformsRequest.php(21): Illuminate\\Pipeline\\Pipeline->Illuminate\\Pipeline\\{closure}(Object(Illuminate\\Http\\Request))
#37 /Users/santiagomonsalve/Documents/GitHub/hootpedia/Laravel_Hootpedia/vendor/laravel/framework/src/Illuminate/Pipeline/Pipeline.php(167): Illuminate\\Foundation\\Http\\Middleware\\TransformsRequest->handle(Object(Illuminate\\Http\\Request), Object(Closure))
#38 /Users/santiagomonsalve/Documents/GitHub/hootpedia/Laravel_Hootpedia/vendor/laravel/framework/src/Illuminate/Foundation/Http/Middleware/TransformsRequest.php(21): Illuminate\\Pipeline\\Pipeline->Illuminate\\Pipeline\\{closure}(Object(Illuminate\\Http\\Request))
#39 /Users/santiagomonsalve/Documents/GitHub/hootpedia/Laravel_Hootpedia/vendor/laravel/framework/src/Illuminate/Pipeline/Pipeline.php(167): Illuminate\\Foundation\\Http\\Middleware\\TransformsRequest->handle(Object(Illuminate\\Http\\Request), Object(Closure))
#40 /Users/santiagomonsalve/Documents/GitHub/hootpedia/Laravel_Hootpedia/vendor/laravel/framework/src/Illuminate/Foundation/Http/Middleware/ValidatePostSize.php(27): Illuminate\\Pipeline\\Pipeline->Illuminate\\Pipeline\\{closure}(Object(Illuminate\\Http\\Request))
#41 /Users/santiagomonsalve/Documents/GitHub/hootpedia/Laravel_Hootpedia/vendor/laravel/framework/src/Illuminate/Pipeline/Pipeline.php(167): Illuminate\\Foundation\\Http\\Middleware\\ValidatePostSize->handle(Object(Illuminate\\Http\\Request), Object(Closure))
#42 /Users/santiagomonsalve/Documents/GitHub/hootpedia/Laravel_Hootpedia/vendor/laravel/framework/src/Illuminate/Foundation/Http/Middleware/PreventRequestsDuringMaintenance.php(87): Illuminate\\Pipeline\\Pipeline->Illuminate\\Pipeline\\{closure}(Object(Illuminate\\Http\\Request))
#43 /Users/santiagomonsalve/Documents/GitHub/hootpedia/Laravel_Hootpedia/vendor/laravel/framework/src/Illuminate/Pipeline/Pipeline.php(167): Illuminate\\Foundation\\Http\\Middleware\\PreventRequestsDuringMaintenance->handle(Object(Illuminate\\Http\\Request), Object(Closure))
#44 /Users/santiagomonsalve/Documents/GitHub/hootpedia/Laravel_Hootpedia/vendor/fruitcake/laravel-cors/src/HandleCors.php(37): Illuminate\\Pipeline\\Pipeline->Illuminate\\Pipeline\\{closure}(Object(Illuminate\\Http\\Request))
#45 /Users/santiagomonsalve/Documents/GitHub/hootpedia/Laravel_Hootpedia/vendor/laravel/framework/src/Illuminate/Pipeline/Pipeline.php(167): Fruitcake\\Cors\\HandleCors->handle(Object(Illuminate\\Http\\Request), Object(Closure))
#46 /Users/santiagomonsalve/Documents/GitHub/hootpedia/Laravel_Hootpedia/vendor/fideloper/proxy/src/TrustProxies.php(57): Illuminate\\Pipeline\\Pipeline->Illuminate\\Pipeline\\{closure}(Object(Illuminate\\Http\\Request))
#47 /Users/santiagomonsalve/Documents/GitHub/hootpedia/Laravel_Hootpedia/vendor/laravel/framework/src/Illuminate/Pipeline/Pipeline.php(167): Fideloper\\Proxy\\TrustProxies->handle(Object(Illuminate\\Http\\Request), Object(Closure))
#48 /Users/santiagomonsalve/Documents/GitHub/hootpedia/Laravel_Hootpedia/vendor/laravel/framework/src/Illuminate/Pipeline/Pipeline.php(103): Illuminate\\Pipeline\\Pipeline->Illuminate\\Pipeline\\{closure}(Object(Illuminate\\Http\\Request))
#49 /Users/santiagomonsalve/Documents/GitHub/hootpedia/Laravel_Hootpedia/vendor/laravel/framework/src/Illuminate/Foundation/Http/Kernel.php(141): Illuminate\\Pipeline\\Pipeline->then(Object(Closure))
#50 /Users/santiagomonsalve/Documents/GitHub/hootpedia/Laravel_Hootpedia/vendor/laravel/framework/src/Illuminate/Foundation/Http/Kernel.php(110): Illuminate\\Foundation\\Http\\Kernel->sendRequestThroughRouter(Object(Illuminate\\Http\\Request))
#51 /Users/santiagomonsalve/Documents/GitHub/hootpedia/Laravel_Hootpedia/public/index.php(52): Illuminate\\Foundation\\Http\\Kernel->handle(Object(Illuminate\\Http\\Request))
#52 /Users/santiagomonsalve/Documents/GitHub/hootpedia/Laravel_Hootpedia/server.php(21): require_once('/Users/santiago...')
#53 {main}

[previous exception] [object] (PDOException(code: 23505): SQLSTATE[23505]: Unique violation: 7 ERROR:  duplicate key value violates unique constraint \"users_email_unique\"
DETAIL:  Key (email)=(smonsalvemej2019@fau.edu) already exists. at /Users/santiagomonsalve/Documents/GitHub/hootpedia/Laravel_Hootpedia/vendor/laravel/framework/src/Illuminate/Database/Connection.php:343)
[stacktrace]
#0 /Users/santiagomonsalve/Documents/GitHub/hootpedia/Laravel_Hootpedia/vendor/laravel/framework/src/Illuminate/Database/Connection.php(343): PDOStatement->execute()
#1 /Users/santiagomonsalve/Documents/GitHub/hootpedia/Laravel_Hootpedia/vendor/laravel/framework/src/Illuminate/Database/Connection.php(671): Illuminate\\Database\\Connection->Illuminate\\Database\\{closure}('insert into \"us...', Array)
#2 /Users/santiagomonsalve/Documents/GitHub/hootpedia/Laravel_Hootpedia/vendor/laravel/framework/src/Illuminate/Database/Connection.php(638): Illuminate\\Database\\Connection->runQueryCallback('insert into \"us...', Array, Object(Closure))
#3 /Users/santiagomonsalve/Documents/GitHub/hootpedia/Laravel_Hootpedia/vendor/laravel/framework/src/Illuminate/Database/Connection.php(346): Illuminate\\Database\\Connection->run('insert into \"us...', Array, Object(Closure))
#4 /Users/santiagomonsalve/Documents/GitHub/hootpedia/Laravel_Hootpedia/vendor/laravel/framework/src/Illuminate/Database/Connection.php(316): Illuminate\\Database\\Connection->select('insert into \"us...', Array, false)
#5 /Users/santiagomonsalve/Documents/GitHub/hootpedia/Laravel_Hootpedia/vendor/laravel/framework/src/Illuminate/Database/Query/Processors/PostgresProcessor.php(24): Illuminate\\Database\\Connection->selectFromWriteConnection('insert into \"us...', Array)
#6 /Users/santiagomonsalve/Documents/GitHub/hootpedia/Laravel_Hootpedia/vendor/laravel/framework/src/Illuminate/Database/Query/Builder.php(2872): Illuminate\\Database\\Query\\Processors\\PostgresProcessor->processInsertGetId(Object(Illuminate\\Database\\Query\\Builder), 'insert into \"us...', Array, 'id')
#7 /Users/santiagomonsalve/Documents/GitHub/hootpedia/Laravel_Hootpedia/vendor/laravel/framework/src/Illuminate/Database/Eloquent/Builder.php(1508): Illuminate\\Database\\Query\\Builder->insertGetId(Array, 'id')
#8 /Users/santiagomonsalve/Documents/GitHub/hootpedia/Laravel_Hootpedia/vendor/laravel/framework/src/Illuminate/Database/Eloquent/Model.php(1051): Illuminate\\Database\\Eloquent\\Builder->__call('insertGetId', Array)
#9 /Users/santiagomonsalve/Documents/GitHub/hootpedia/Laravel_Hootpedia/vendor/laravel/framework/src/Illuminate/Database/Eloquent/Model.php(1016): Illuminate\\Database\\Eloquent\\Model->insertAndSetId(Object(Illuminate\\Database\\Eloquent\\Builder), Array)
#10 /Users/santiagomonsalve/Documents/GitHub/hootpedia/Laravel_Hootpedia/vendor/laravel/framework/src/Illuminate/Database/Eloquent/Model.php(857): Illuminate\\Database\\Eloquent\\Model->performInsert(Object(Illuminate\\Database\\Eloquent\\Builder))
#11 /Users/santiagomonsalve/Documents/GitHub/hootpedia/Laravel_Hootpedia/app/Http/Controllers/RegisterController.php(37): Illuminate\\Database\\Eloquent\\Model->save()
#12 /Users/santiagomonsalve/Documents/GitHub/hootpedia/Laravel_Hootpedia/vendor/laravel/framework/src/Illuminate/Routing/Controller.php(54): App\\Http\\Controllers\\RegisterController->store()
#13 /Users/santiagomonsalve/Documents/GitHub/hootpedia/Laravel_Hootpedia/vendor/laravel/framework/src/Illuminate/Routing/ControllerDispatcher.php(45): Illuminate\\Routing\\Controller->callAction('store', Array)
#14 /Users/santiagomonsalve/Documents/GitHub/hootpedia/Laravel_Hootpedia/vendor/laravel/framework/src/Illuminate/Routing/Route.php(254): Illuminate\\Routing\\ControllerDispatcher->dispatch(Object(Illuminate\\Routing\\Route), Object(App\\Http\\Controllers\\RegisterController), 'store')
#15 /Users/santiagomonsalve/Documents/GitHub/hootpedia/Laravel_Hootpedia/vendor/laravel/framework/src/Illuminate/Routing/Route.php(197): Illuminate\\Routing\\Route->runController()
#16 /Users/santiagomonsalve/Documents/GitHub/hootpedia/Laravel_Hootpedia/vendor/laravel/framework/src/Illuminate/Routing/Router.php(692): Illuminate\\Routing\\Route->run()
#17 /Users/santiagomonsalve/Documents/GitHub/hootpedia/Laravel_Hootpedia/vendor/laravel/framework/src/Illuminate/Pipeline/Pipeline.php(128): Illuminate\\Routing\\Router->Illuminate\\Routing\\{closure}(Object(Illuminate\\Http\\Request))
#18 /Users/santiagomonsalve/Documents/GitHub/hootpedia/Laravel_Hootpedia/vendor/laravel/framework/src/Illuminate/Routing/Middleware/SubstituteBindings.php(41): Illuminate\\Pipeline\\Pipeline->Illuminate\\Pipeline\\{closure}(Object(Illuminate\\Http\\Request))
#19 /Users/santiagomonsalve/Documents/GitHub/hootpedia/Laravel_Hootpedia/vendor/laravel/framework/src/Illuminate/Pipeline/Pipeline.php(167): Illuminate\\Routing\\Middleware\\SubstituteBindings->handle(Object(Illuminate\\Http\\Request), Object(Closure))
#20 /Users/santiagomonsalve/Documents/GitHub/hootpedia/Laravel_Hootpedia/vendor/laravel/framework/src/Illuminate/Foundation/Http/Middleware/VerifyCsrfToken.php(77): Illuminate\\Pipeline\\Pipeline->Illuminate\\Pipeline\\{closure}(Object(Illuminate\\Http\\Request))
#21 /Users/santiagomonsalve/Documents/GitHub/hootpedia/Laravel_Hootpedia/vendor/laravel/framework/src/Illuminate/Pipeline/Pipeline.php(167): Illuminate\\Foundation\\Http\\Middleware\\VerifyCsrfToken->handle(Object(Illuminate\\Http\\Request), Object(Closure))
#22 /Users/santiagomonsalve/Documents/GitHub/hootpedia/Laravel_Hootpedia/vendor/laravel/framework/src/Illuminate/View/Middleware/ShareErrorsFromSession.php(49): Illuminate\\Pipeline\\Pipeline->Illuminate\\Pipeline\\{closure}(Object(Illuminate\\Http\\Request))
#23 /Users/santiagomonsalve/Documents/GitHub/hootpedia/Laravel_Hootpedia/vendor/laravel/framework/src/Illuminate/Pipeline/Pipeline.php(167): Illuminate\\View\\Middleware\\ShareErrorsFromSession->handle(Object(Illuminate\\Http\\Request), Object(Closure))
#24 /Users/santiagomonsalve/Documents/GitHub/hootpedia/Laravel_Hootpedia/vendor/laravel/framework/src/Illuminate/Session/Middleware/StartSession.php(121): Illuminate\\Pipeline\\Pipeline->Illuminate\\Pipeline\\{closure}(Object(Illuminate\\Http\\Request))
#25 /Users/santiagomonsalve/Documents/GitHub/hootpedia/Laravel_Hootpedia/vendor/laravel/framework/src/Illuminate/Session/Middleware/StartSession.php(63): Illuminate\\Session\\Middleware\\StartSession->handleStatefulRequest(Object(Illuminate\\Http\\Request), Object(Illuminate\\Session\\Store), Object(Closure))
#26 /Users/santiagomonsalve/Documents/GitHub/hootpedia/Laravel_Hootpedia/vendor/laravel/framework/src/Illuminate/Pipeline/Pipeline.php(167): Illuminate\\Session\\Middleware\\StartSession->handle(Object(Illuminate\\Http\\Request), Object(Closure))
#27 /Users/santiagomonsalve/Documents/GitHub/hootpedia/Laravel_Hootpedia/vendor/laravel/framework/src/Illuminate/Cookie/Middleware/AddQueuedCookiesToResponse.php(37): Illuminate\\Pipeline\\Pipeline->Illuminate\\Pipeline\\{closure}(Object(Illuminate\\Http\\Request))
#28 /Users/santiagomonsalve/Documents/GitHub/hootpedia/Laravel_Hootpedia/vendor/laravel/framework/src/Illuminate/Pipeline/Pipeline.php(167): Illuminate\\Cookie\\Middleware\\AddQueuedCookiesToResponse->handle(Object(Illuminate\\Http\\Request), Object(Closure))
#29 /Users/santiagomonsalve/Documents/GitHub/hootpedia/Laravel_Hootpedia/vendor/laravel/framework/src/Illuminate/Cookie/Middleware/EncryptCookies.php(67): Illuminate\\Pipeline\\Pipeline->Illuminate\\Pipeline\\{closure}(Object(Illuminate\\Http\\Request))
#30 /Users/santiagomonsalve/Documents/GitHub/hootpedia/Laravel_Hootpedia/vendor/laravel/framework/src/Illuminate/Pipeline/Pipeline.php(167): Illuminate\\Cookie\\Middleware\\EncryptCookies->handle(Object(Illuminate\\Http\\Request), Object(Closure))
#31 /Users/santiagomonsalve/Documents/GitHub/hootpedia/Laravel_Hootpedia/vendor/laravel/framework/src/Illuminate/Pipeline/Pipeline.php(103): Illuminate\\Pipeline\\Pipeline->Illuminate\\Pipeline\\{closure}(Object(Illuminate\\Http\\Request))
#32 /Users/santiagomonsalve/Documents/GitHub/hootpedia/Laravel_Hootpedia/vendor/laravel/framework/src/Illuminate/Routing/Router.php(694): Illuminate\\Pipeline\\Pipeline->then(Object(Closure))
#33 /Users/santiagomonsalve/Documents/GitHub/hootpedia/Laravel_Hootpedia/vendor/laravel/framework/src/Illuminate/Routing/Router.php(669): Illuminate\\Routing\\Router->runRouteWithinStack(Object(Illuminate\\Routing\\Route), Object(Illuminate\\Http\\Request))
#34 /Users/santiagomonsalve/Documents/GitHub/hootpedia/Laravel_Hootpedia/vendor/laravel/framework/src/Illuminate/Routing/Router.php(635): Illuminate\\Routing\\Router->runRoute(Object(Illuminate\\Http\\Request), Object(Illuminate\\Routing\\Route))
#35 /Users/santiagomonsalve/Documents/GitHub/hootpedia/Laravel_Hootpedia/vendor/laravel/framework/src/Illuminate/Routing/Router.php(624): Illuminate\\Routing\\Router->dispatchToRoute(Object(Illuminate\\Http\\Request))
#36 /Users/santiagomonsalve/Documents/GitHub/hootpedia/Laravel_Hootpedia/vendor/laravel/framework/src/Illuminate/Foundation/Http/Kernel.php(166): Illuminate\\Routing\\Router->dispatch(Object(Illuminate\\Http\\Request))
#37 /Users/santiagomonsalve/Documents/GitHub/hootpedia/Laravel_Hootpedia/vendor/laravel/framework/src/Illuminate/Pipeline/Pipeline.php(128): Illuminate\\Foundation\\Http\\Kernel->Illuminate\\Foundation\\Http\\{closure}(Object(Illuminate\\Http\\Request))
#38 /Users/santiagomonsalve/Documents/GitHub/hootpedia/Laravel_Hootpedia/vendor/laravel/framework/src/Illuminate/Foundation/Http/Middleware/TransformsRequest.php(21): Illuminate\\Pipeline\\Pipeline->Illuminate\\Pipeline\\{closure}(Object(Illuminate\\Http\\Request))
#39 /Users/santiagomonsalve/Documents/GitHub/hootpedia/Laravel_Hootpedia/vendor/laravel/framework/src/Illuminate/Pipeline/Pipeline.php(167): Illuminate\\Foundation\\Http\\Middleware\\TransformsRequest->handle(Object(Illuminate\\Http\\Request), Object(Closure))
#40 /Users/santiagomonsalve/Documents/GitHub/hootpedia/Laravel_Hootpedia/vendor/laravel/framework/src/Illuminate/Foundation/Http/Middleware/TransformsRequest.php(21): Illuminate\\Pipeline\\Pipeline->Illuminate\\Pipeline\\{closure}(Object(Illuminate\\Http\\Request))
#41 /Users/santiagomonsalve/Documents/GitHub/hootpedia/Laravel_Hootpedia/vendor/laravel/framework/src/Illuminate/Pipeline/Pipeline.php(167): Illuminate\\Foundation\\Http\\Middleware\\TransformsRequest->handle(Object(Illuminate\\Http\\Request), Object(Closure))
#42 /Users/santiagomonsalve/Documents/GitHub/hootpedia/Laravel_Hootpedia/vendor/laravel/framework/src/Illuminate/Foundation/Http/Middleware/ValidatePostSize.php(27): Illuminate\\Pipeline\\Pipeline->Illuminate\\Pipeline\\{closure}(Object(Illuminate\\Http\\Request))
#43 /Users/santiagomonsalve/Documents/GitHub/hootpedia/Laravel_Hootpedia/vendor/laravel/framework/src/Illuminate/Pipeline/Pipeline.php(167): Illuminate\\Foundation\\Http\\Middleware\\ValidatePostSize->handle(Object(Illuminate\\Http\\Request), Object(Closure))
#44 /Users/santiagomonsalve/Documents/GitHub/hootpedia/Laravel_Hootpedia/vendor/laravel/framework/src/Illuminate/Foundation/Http/Middleware/PreventRequestsDuringMaintenance.php(87): Illuminate\\Pipeline\\Pipeline->Illuminate\\Pipeline\\{closure}(Object(Illuminate\\Http\\Request))
#45 /Users/santiagomonsalve/Documents/GitHub/hootpedia/Laravel_Hootpedia/vendor/laravel/framework/src/Illuminate/Pipeline/Pipeline.php(167): Illuminate\\Foundation\\Http\\Middleware\\PreventRequestsDuringMaintenance->handle(Object(Illuminate\\Http\\Request), Object(Closure))
#46 /Users/santiagomonsalve/Documents/GitHub/hootpedia/Laravel_Hootpedia/vendor/fruitcake/laravel-cors/src/HandleCors.php(37): Illuminate\\Pipeline\\Pipeline->Illuminate\\Pipeline\\{closure}(Object(Illuminate\\Http\\Request))
#47 /Users/santiagomonsalve/Documents/GitHub/hootpedia/Laravel_Hootpedia/vendor/laravel/framework/src/Illuminate/Pipeline/Pipeline.php(167): Fruitcake\\Cors\\HandleCors->handle(Object(Illuminate\\Http\\Request), Object(Closure))
#48 /Users/santiagomonsalve/Documents/GitHub/hootpedia/Laravel_Hootpedia/vendor/fideloper/proxy/src/TrustProxies.php(57): Illuminate\\Pipeline\\Pipeline->Illuminate\\Pipeline\\{closure}(Object(Illuminate\\Http\\Request))
#49 /Users/santiagomonsalve/Documents/GitHub/hootpedia/Laravel_Hootpedia/vendor/laravel/framework/src/Illuminate/Pipeline/Pipeline.php(167): Fideloper\\Proxy\\TrustProxies->handle(Object(Illuminate\\Http\\Request), Object(Closure))
#50 /Users/santiagomonsalve/Documents/GitHub/hootpedia/Laravel_Hootpedia/vendor/laravel/framework/src/Illuminate/Pipeline/Pipeline.php(103): Illuminate\\Pipeline\\Pipeline->Illuminate\\Pipeline\\{closure}(Object(Illuminate\\Http\\Request))
#51 /Users/santiagomonsalve/Documents/GitHub/hootpedia/Laravel_Hootpedia/vendor/laravel/framework/src/Illuminate/Foundation/Http/Kernel.php(141): Illuminate\\Pipeline\\Pipeline->then(Object(Closure))
#52 /Users/santiagomonsalve/Documents/GitHub/hootpedia/Laravel_Hootpedia/vendor/laravel/framework/src/Illuminate/Foundation/Http/Kernel.php(110): Illuminate\\Foundation\\Http\\Kernel->sendRequestThroughRouter(Object(Illuminate\\Http\\Request))
#53 /Users/santiagomonsalve/Documents/GitHub/hootpedia/Laravel_Hootpedia/public/index.php(52): Illuminate\\Foundation\\Http\\Kernel->handle(Object(Illuminate\\Http\\Request))
#54 /Users/santiagomonsalve/Documents/GitHub/hootpedia/Laravel_Hootpedia/server.php(21): require_once('/Users/santiago...')
#55 {main}
"} 
[2020-12-06 19:34:11] local.ERROR: Route [home.blade.php] not defined. {"exception":"[object] (Symfony\\Component\\Routing\\Exception\\RouteNotFoundException(code: 0): Route [home.blade.php] not defined. at /Users/santiagomonsalve/Documents/GitHub/hootpedia/Laravel_Hootpedia/vendor/laravel/framework/src/Illuminate/Routing/UrlGenerator.php:429)
[stacktrace]
#0 /Users/santiagomonsalve/Documents/GitHub/hootpedia/Laravel_Hootpedia/vendor/laravel/framework/src/Illuminate/Foundation/helpers.php(704): Illuminate\\Routing\\UrlGenerator->route('home.blade.php', Array, true)
#1 /Users/santiagomonsalve/Documents/GitHub/hootpedia/Laravel_Hootpedia/app/Http/Middleware/Authenticate.php(19): route('home.blade.php')
#2 /Users/santiagomonsalve/Documents/GitHub/hootpedia/Laravel_Hootpedia/vendor/laravel/framework/src/Illuminate/Auth/Middleware/Authenticate.php(83): App\\Http\\Middleware\\Authenticate->redirectTo(Object(Illuminate\\Http\\Request))
#3 /Users/santiagomonsalve/Documents/GitHub/hootpedia/Laravel_Hootpedia/vendor/laravel/framework/src/Illuminate/Auth/Middleware/Authenticate.php(68): Illuminate\\Auth\\Middleware\\Authenticate->unauthenticated(Object(Illuminate\\Http\\Request), Array)
#4 /Users/santiagomonsalve/Documents/GitHub/hootpedia/Laravel_Hootpedia/vendor/laravel/framework/src/Illuminate/Auth/Middleware/Authenticate.php(42): Illuminate\\Auth\\Middleware\\Authenticate->authenticate(Object(Illuminate\\Http\\Request), Array)
#5 /Users/santiagomonsalve/Documents/GitHub/hootpedia/Laravel_Hootpedia/vendor/laravel/framework/src/Illuminate/Pipeline/Pipeline.php(167): Illuminate\\Auth\\Middleware\\Authenticate->handle(Object(Illuminate\\Http\\Request), Object(Closure))
#6 /Users/santiagomonsalve/Documents/GitHub/hootpedia/Laravel_Hootpedia/vendor/laravel/framework/src/Illuminate/Foundation/Http/Middleware/VerifyCsrfToken.php(77): Illuminate\\Pipeline\\Pipeline->Illuminate\\Pipeline\\{closure}(Object(Illuminate\\Http\\Request))
#7 /Users/santiagomonsalve/Documents/GitHub/hootpedia/Laravel_Hootpedia/vendor/laravel/framework/src/Illuminate/Pipeline/Pipeline.php(167): Illuminate\\Foundation\\Http\\Middleware\\VerifyCsrfToken->handle(Object(Illuminate\\Http\\Request), Object(Closure))
#8 /Users/santiagomonsalve/Documents/GitHub/hootpedia/Laravel_Hootpedia/vendor/laravel/framework/src/Illuminate/View/Middleware/ShareErrorsFromSession.php(49): Illuminate\\Pipeline\\Pipeline->Illuminate\\Pipeline\\{closure}(Object(Illuminate\\Http\\Request))
#9 /Users/santiagomonsalve/Documents/GitHub/hootpedia/Laravel_Hootpedia/vendor/laravel/framework/src/Illuminate/Pipeline/Pipeline.php(167): Illuminate\\View\\Middleware\\ShareErrorsFromSession->handle(Object(Illuminate\\Http\\Request), Object(Closure))
#10 /Users/santiagomonsalve/Documents/GitHub/hootpedia/Laravel_Hootpedia/vendor/laravel/framework/src/Illuminate/Session/Middleware/StartSession.php(121): Illuminate\\Pipeline\\Pipeline->Illuminate\\Pipeline\\{closure}(Object(Illuminate\\Http\\Request))
#11 /Users/santiagomonsalve/Documents/GitHub/hootpedia/Laravel_Hootpedia/vendor/laravel/framework/src/Illuminate/Session/Middleware/StartSession.php(63): Illuminate\\Session\\Middleware\\StartSession->handleStatefulRequest(Object(Illuminate\\Http\\Request), Object(Illuminate\\Session\\Store), Object(Closure))
#12 /Users/santiagomonsalve/Documents/GitHub/hootpedia/Laravel_Hootpedia/vendor/laravel/framework/src/Illuminate/Pipeline/Pipeline.php(167): Illuminate\\Session\\Middleware\\StartSession->handle(Object(Illuminate\\Http\\Request), Object(Closure))
#13 /Users/santiagomonsalve/Documents/GitHub/hootpedia/Laravel_Hootpedia/vendor/laravel/framework/src/Illuminate/Cookie/Middleware/AddQueuedCookiesToResponse.php(37): Illuminate\\Pipeline\\Pipeline->Illuminate\\Pipeline\\{closure}(Object(Illuminate\\Http\\Request))
#14 /Users/santiagomonsalve/Documents/GitHub/hootpedia/Laravel_Hootpedia/vendor/laravel/framework/src/Illuminate/Pipeline/Pipeline.php(167): Illuminate\\Cookie\\Middleware\\AddQueuedCookiesToResponse->handle(Object(Illuminate\\Http\\Request), Object(Closure))
#15 /Users/santiagomonsalve/Documents/GitHub/hootpedia/Laravel_Hootpedia/vendor/laravel/framework/src/Illuminate/Cookie/Middleware/EncryptCookies.php(67): Illuminate\\Pipeline\\Pipeline->Illuminate\\Pipeline\\{closure}(Object(Illuminate\\Http\\Request))
#16 /Users/santiagomonsalve/Documents/GitHub/hootpedia/Laravel_Hootpedia/vendor/laravel/framework/src/Illuminate/Pipeline/Pipeline.php(167): Illuminate\\Cookie\\Middleware\\EncryptCookies->handle(Object(Illuminate\\Http\\Request), Object(Closure))
#17 /Users/santiagomonsalve/Documents/GitHub/hootpedia/Laravel_Hootpedia/vendor/laravel/framework/src/Illuminate/Pipeline/Pipeline.php(103): Illuminate\\Pipeline\\Pipeline->Illuminate\\Pipeline\\{closure}(Object(Illuminate\\Http\\Request))
#18 /Users/santiagomonsalve/Documents/GitHub/hootpedia/Laravel_Hootpedia/vendor/laravel/framework/src/Illuminate/Routing/Router.php(694): Illuminate\\Pipeline\\Pipeline->then(Object(Closure))
#19 /Users/santiagomonsalve/Documents/GitHub/hootpedia/Laravel_Hootpedia/vendor/laravel/framework/src/Illuminate/Routing/Router.php(669): Illuminate\\Routing\\Router->runRouteWithinStack(Object(Illuminate\\Routing\\Route), Object(Illuminate\\Http\\Request))
#20 /Users/santiagomonsalve/Documents/GitHub/hootpedia/Laravel_Hootpedia/vendor/laravel/framework/src/Illuminate/Routing/Router.php(635): Illuminate\\Routing\\Router->runRoute(Object(Illuminate\\Http\\Request), Object(Illuminate\\Routing\\Route))
#21 /Users/santiagomonsalve/Documents/GitHub/hootpedia/Laravel_Hootpedia/vendor/laravel/framework/src/Illuminate/Routing/Router.php(624): Illuminate\\Routing\\Router->dispatchToRoute(Object(Illuminate\\Http\\Request))
#22 /Users/santiagomonsalve/Documents/GitHub/hootpedia/Laravel_Hootpedia/vendor/laravel/framework/src/Illuminate/Foundation/Http/Kernel.php(166): Illuminate\\Routing\\Router->dispatch(Object(Illuminate\\Http\\Request))
#23 /Users/santiagomonsalve/Documents/GitHub/hootpedia/Laravel_Hootpedia/vendor/laravel/framework/src/Illuminate/Pipeline/Pipeline.php(128): Illuminate\\Foundation\\Http\\Kernel->Illuminate\\Foundation\\Http\\{closure}(Object(Illuminate\\Http\\Request))
#24 /Users/santiagomonsalve/Documents/GitHub/hootpedia/Laravel_Hootpedia/vendor/laravel/framework/src/Illuminate/Foundation/Http/Middleware/TransformsRequest.php(21): Illuminate\\Pipeline\\Pipeline->Illuminate\\Pipeline\\{closure}(Object(Illuminate\\Http\\Request))
#25 /Users/santiagomonsalve/Documents/GitHub/hootpedia/Laravel_Hootpedia/vendor/laravel/framework/src/Illuminate/Pipeline/Pipeline.php(167): Illuminate\\Foundation\\Http\\Middleware\\TransformsRequest->handle(Object(Illuminate\\Http\\Request), Object(Closure))
#26 /Users/santiagomonsalve/Documents/GitHub/hootpedia/Laravel_Hootpedia/vendor/laravel/framework/src/Illuminate/Foundation/Http/Middleware/TransformsRequest.php(21): Illuminate\\Pipeline\\Pipeline->Illuminate\\Pipeline\\{closure}(Object(Illuminate\\Http\\Request))
#27 /Users/santiagomonsalve/Documents/GitHub/hootpedia/Laravel_Hootpedia/vendor/laravel/framework/src/Illuminate/Pipeline/Pipeline.php(167): Illuminate\\Foundation\\Http\\Middleware\\TransformsRequest->handle(Object(Illuminate\\Http\\Request), Object(Closure))
#28 /Users/santiagomonsalve/Documents/GitHub/hootpedia/Laravel_Hootpedia/vendor/laravel/framework/src/Illuminate/Foundation/Http/Middleware/ValidatePostSize.php(27): Illuminate\\Pipeline\\Pipeline->Illuminate\\Pipeline\\{closure}(Object(Illuminate\\Http\\Request))
#29 /Users/santiagomonsalve/Documents/GitHub/hootpedia/Laravel_Hootpedia/vendor/laravel/framework/src/Illuminate/Pipeline/Pipeline.php(167): Illuminate\\Foundation\\Http\\Middleware\\ValidatePostSize->handle(Object(Illuminate\\Http\\Request), Object(Closure))
#30 /Users/santiagomonsalve/Documents/GitHub/hootpedia/Laravel_Hootpedia/vendor/laravel/framework/src/Illuminate/Foundation/Http/Middleware/PreventRequestsDuringMaintenance.php(87): Illuminate\\Pipeline\\Pipeline->Illuminate\\Pipeline\\{closure}(Object(Illuminate\\Http\\Request))
#31 /Users/santiagomonsalve/Documents/GitHub/hootpedia/Laravel_Hootpedia/vendor/laravel/framework/src/Illuminate/Pipeline/Pipeline.php(167): Illuminate\\Foundation\\Http\\Middleware\\PreventRequestsDuringMaintenance->handle(Object(Illuminate\\Http\\Request), Object(Closure))
#32 /Users/santiagomonsalve/Documents/GitHub/hootpedia/Laravel_Hootpedia/vendor/fruitcake/laravel-cors/src/HandleCors.php(37): Illuminate\\Pipeline\\Pipeline->Illuminate\\Pipeline\\{closure}(Object(Illuminate\\Http\\Request))
#33 /Users/santiagomonsalve/Documents/GitHub/hootpedia/Laravel_Hootpedia/vendor/laravel/framework/src/Illuminate/Pipeline/Pipeline.php(167): Fruitcake\\Cors\\HandleCors->handle(Object(Illuminate\\Http\\Request), Object(Closure))
#34 /Users/santiagomonsalve/Documents/GitHub/hootpedia/Laravel_Hootpedia/vendor/fideloper/proxy/src/TrustProxies.php(57): Illuminate\\Pipeline\\Pipeline->Illuminate\\Pipeline\\{closure}(Object(Illuminate\\Http\\Request))
#35 /Users/santiagomonsalve/Documents/GitHub/hootpedia/Laravel_Hootpedia/vendor/laravel/framework/src/Illuminate/Pipeline/Pipeline.php(167): Fideloper\\Proxy\\TrustProxies->handle(Object(Illuminate\\Http\\Request), Object(Closure))
#36 /Users/santiagomonsalve/Documents/GitHub/hootpedia/Laravel_Hootpedia/vendor/laravel/framework/src/Illuminate/Pipeline/Pipeline.php(103): Illuminate\\Pipeline\\Pipeline->Illuminate\\Pipeline\\{closure}(Object(Illuminate\\Http\\Request))
#37 /Users/santiagomonsalve/Documents/GitHub/hootpedia/Laravel_Hootpedia/vendor/laravel/framework/src/Illuminate/Foundation/Http/Kernel.php(141): Illuminate\\Pipeline\\Pipeline->then(Object(Closure))
#38 /Users/santiagomonsalve/Documents/GitHub/hootpedia/Laravel_Hootpedia/vendor/laravel/framework/src/Illuminate/Foundation/Http/Kernel.php(110): Illuminate\\Foundation\\Http\\Kernel->sendRequestThroughRouter(Object(Illuminate\\Http\\Request))
#39 /Users/santiagomonsalve/Documents/GitHub/hootpedia/Laravel_Hootpedia/public/index.php(52): Illuminate\\Foundation\\Http\\Kernel->handle(Object(Illuminate\\Http\\Request))
#40 /Users/santiagomonsalve/Documents/GitHub/hootpedia/Laravel_Hootpedia/server.php(21): require_once('/Users/santiago...')
#41 {main}
"} 
[2020-12-06 21:12:21] local.ERROR: Route [home.blade.php] not defined. {"exception":"[object] (Symfony\\Component\\Routing\\Exception\\RouteNotFoundException(code: 0): Route [home.blade.php] not defined. at /Users/santiagomonsalve/Documents/GitHub/hootpedia/Laravel_Hootpedia/vendor/laravel/framework/src/Illuminate/Routing/UrlGenerator.php:429)
[stacktrace]
#0 /Users/santiagomonsalve/Documents/GitHub/hootpedia/Laravel_Hootpedia/vendor/laravel/framework/src/Illuminate/Foundation/helpers.php(704): Illuminate\\Routing\\UrlGenerator->route('home.blade.php', Array, true)
#1 /Users/santiagomonsalve/Documents/GitHub/hootpedia/Laravel_Hootpedia/app/Http/Middleware/Authenticate.php(19): route('home.blade.php')
#2 /Users/santiagomonsalve/Documents/GitHub/hootpedia/Laravel_Hootpedia/vendor/laravel/framework/src/Illuminate/Auth/Middleware/Authenticate.php(83): App\\Http\\Middleware\\Authenticate->redirectTo(Object(Illuminate\\Http\\Request))
#3 /Users/santiagomonsalve/Documents/GitHub/hootpedia/Laravel_Hootpedia/vendor/laravel/framework/src/Illuminate/Auth/Middleware/Authenticate.php(68): Illuminate\\Auth\\Middleware\\Authenticate->unauthenticated(Object(Illuminate\\Http\\Request), Array)
#4 /Users/santiagomonsalve/Documents/GitHub/hootpedia/Laravel_Hootpedia/vendor/laravel/framework/src/Illuminate/Auth/Middleware/Authenticate.php(42): Illuminate\\Auth\\Middleware\\Authenticate->authenticate(Object(Illuminate\\Http\\Request), Array)
#5 /Users/santiagomonsalve/Documents/GitHub/hootpedia/Laravel_Hootpedia/vendor/laravel/framework/src/Illuminate/Pipeline/Pipeline.php(167): Illuminate\\Auth\\Middleware\\Authenticate->handle(Object(Illuminate\\Http\\Request), Object(Closure))
#6 /Users/santiagomonsalve/Documents/GitHub/hootpedia/Laravel_Hootpedia/vendor/laravel/framework/src/Illuminate/Foundation/Http/Middleware/VerifyCsrfToken.php(77): Illuminate\\Pipeline\\Pipeline->Illuminate\\Pipeline\\{closure}(Object(Illuminate\\Http\\Request))
#7 /Users/santiagomonsalve/Documents/GitHub/hootpedia/Laravel_Hootpedia/vendor/laravel/framework/src/Illuminate/Pipeline/Pipeline.php(167): Illuminate\\Foundation\\Http\\Middleware\\VerifyCsrfToken->handle(Object(Illuminate\\Http\\Request), Object(Closure))
#8 /Users/santiagomonsalve/Documents/GitHub/hootpedia/Laravel_Hootpedia/vendor/laravel/framework/src/Illuminate/View/Middleware/ShareErrorsFromSession.php(49): Illuminate\\Pipeline\\Pipeline->Illuminate\\Pipeline\\{closure}(Object(Illuminate\\Http\\Request))
#9 /Users/santiagomonsalve/Documents/GitHub/hootpedia/Laravel_Hootpedia/vendor/laravel/framework/src/Illuminate/Pipeline/Pipeline.php(167): Illuminate\\View\\Middleware\\ShareErrorsFromSession->handle(Object(Illuminate\\Http\\Request), Object(Closure))
#10 /Users/santiagomonsalve/Documents/GitHub/hootpedia/Laravel_Hootpedia/vendor/laravel/framework/src/Illuminate/Session/Middleware/StartSession.php(121): Illuminate\\Pipeline\\Pipeline->Illuminate\\Pipeline\\{closure}(Object(Illuminate\\Http\\Request))
#11 /Users/santiagomonsalve/Documents/GitHub/hootpedia/Laravel_Hootpedia/vendor/laravel/framework/src/Illuminate/Session/Middleware/StartSession.php(63): Illuminate\\Session\\Middleware\\StartSession->handleStatefulRequest(Object(Illuminate\\Http\\Request), Object(Illuminate\\Session\\Store), Object(Closure))
#12 /Users/santiagomonsalve/Documents/GitHub/hootpedia/Laravel_Hootpedia/vendor/laravel/framework/src/Illuminate/Pipeline/Pipeline.php(167): Illuminate\\Session\\Middleware\\StartSession->handle(Object(Illuminate\\Http\\Request), Object(Closure))
#13 /Users/santiagomonsalve/Documents/GitHub/hootpedia/Laravel_Hootpedia/vendor/laravel/framework/src/Illuminate/Cookie/Middleware/AddQueuedCookiesToResponse.php(37): Illuminate\\Pipeline\\Pipeline->Illuminate\\Pipeline\\{closure}(Object(Illuminate\\Http\\Request))
#14 /Users/santiagomonsalve/Documents/GitHub/hootpedia/Laravel_Hootpedia/vendor/laravel/framework/src/Illuminate/Pipeline/Pipeline.php(167): Illuminate\\Cookie\\Middleware\\AddQueuedCookiesToResponse->handle(Object(Illuminate\\Http\\Request), Object(Closure))
#15 /Users/santiagomonsalve/Documents/GitHub/hootpedia/Laravel_Hootpedia/vendor/laravel/framework/src/Illuminate/Cookie/Middleware/EncryptCookies.php(67): Illuminate\\Pipeline\\Pipeline->Illuminate\\Pipeline\\{closure}(Object(Illuminate\\Http\\Request))
#16 /Users/santiagomonsalve/Documents/GitHub/hootpedia/Laravel_Hootpedia/vendor/laravel/framework/src/Illuminate/Pipeline/Pipeline.php(167): Illuminate\\Cookie\\Middleware\\EncryptCookies->handle(Object(Illuminate\\Http\\Request), Object(Closure))
#17 /Users/santiagomonsalve/Documents/GitHub/hootpedia/Laravel_Hootpedia/vendor/laravel/framework/src/Illuminate/Pipeline/Pipeline.php(103): Illuminate\\Pipeline\\Pipeline->Illuminate\\Pipeline\\{closure}(Object(Illuminate\\Http\\Request))
#18 /Users/santiagomonsalve/Documents/GitHub/hootpedia/Laravel_Hootpedia/vendor/laravel/framework/src/Illuminate/Routing/Router.php(694): Illuminate\\Pipeline\\Pipeline->then(Object(Closure))
#19 /Users/santiagomonsalve/Documents/GitHub/hootpedia/Laravel_Hootpedia/vendor/laravel/framework/src/Illuminate/Routing/Router.php(669): Illuminate\\Routing\\Router->runRouteWithinStack(Object(Illuminate\\Routing\\Route), Object(Illuminate\\Http\\Request))
#20 /Users/santiagomonsalve/Documents/GitHub/hootpedia/Laravel_Hootpedia/vendor/laravel/framework/src/Illuminate/Routing/Router.php(635): Illuminate\\Routing\\Router->runRoute(Object(Illuminate\\Http\\Request), Object(Illuminate\\Routing\\Route))
#21 /Users/santiagomonsalve/Documents/GitHub/hootpedia/Laravel_Hootpedia/vendor/laravel/framework/src/Illuminate/Routing/Router.php(624): Illuminate\\Routing\\Router->dispatchToRoute(Object(Illuminate\\Http\\Request))
#22 /Users/santiagomonsalve/Documents/GitHub/hootpedia/Laravel_Hootpedia/vendor/laravel/framework/src/Illuminate/Foundation/Http/Kernel.php(166): Illuminate\\Routing\\Router->dispatch(Object(Illuminate\\Http\\Request))
#23 /Users/santiagomonsalve/Documents/GitHub/hootpedia/Laravel_Hootpedia/vendor/laravel/framework/src/Illuminate/Pipeline/Pipeline.php(128): Illuminate\\Foundation\\Http\\Kernel->Illuminate\\Foundation\\Http\\{closure}(Object(Illuminate\\Http\\Request))
#24 /Users/santiagomonsalve/Documents/GitHub/hootpedia/Laravel_Hootpedia/vendor/laravel/framework/src/Illuminate/Foundation/Http/Middleware/TransformsRequest.php(21): Illuminate\\Pipeline\\Pipeline->Illuminate\\Pipeline\\{closure}(Object(Illuminate\\Http\\Request))
#25 /Users/santiagomonsalve/Documents/GitHub/hootpedia/Laravel_Hootpedia/vendor/laravel/framework/src/Illuminate/Pipeline/Pipeline.php(167): Illuminate\\Foundation\\Http\\Middleware\\TransformsRequest->handle(Object(Illuminate\\Http\\Request), Object(Closure))
#26 /Users/santiagomonsalve/Documents/GitHub/hootpedia/Laravel_Hootpedia/vendor/laravel/framework/src/Illuminate/Foundation/Http/Middleware/TransformsRequest.php(21): Illuminate\\Pipeline\\Pipeline->Illuminate\\Pipeline\\{closure}(Object(Illuminate\\Http\\Request))
#27 /Users/santiagomonsalve/Documents/GitHub/hootpedia/Laravel_Hootpedia/vendor/laravel/framework/src/Illuminate/Pipeline/Pipeline.php(167): Illuminate\\Foundation\\Http\\Middleware\\TransformsRequest->handle(Object(Illuminate\\Http\\Request), Object(Closure))
#28 /Users/santiagomonsalve/Documents/GitHub/hootpedia/Laravel_Hootpedia/vendor/laravel/framework/src/Illuminate/Foundation/Http/Middleware/ValidatePostSize.php(27): Illuminate\\Pipeline\\Pipeline->Illuminate\\Pipeline\\{closure}(Object(Illuminate\\Http\\Request))
#29 /Users/santiagomonsalve/Documents/GitHub/hootpedia/Laravel_Hootpedia/vendor/laravel/framework/src/Illuminate/Pipeline/Pipeline.php(167): Illuminate\\Foundation\\Http\\Middleware\\ValidatePostSize->handle(Object(Illuminate\\Http\\Request), Object(Closure))
#30 /Users/santiagomonsalve/Documents/GitHub/hootpedia/Laravel_Hootpedia/vendor/laravel/framework/src/Illuminate/Foundation/Http/Middleware/PreventRequestsDuringMaintenance.php(87): Illuminate\\Pipeline\\Pipeline->Illuminate\\Pipeline\\{closure}(Object(Illuminate\\Http\\Request))
#31 /Users/santiagomonsalve/Documents/GitHub/hootpedia/Laravel_Hootpedia/vendor/laravel/framework/src/Illuminate/Pipeline/Pipeline.php(167): Illuminate\\Foundation\\Http\\Middleware\\PreventRequestsDuringMaintenance->handle(Object(Illuminate\\Http\\Request), Object(Closure))
#32 /Users/santiagomonsalve/Documents/GitHub/hootpedia/Laravel_Hootpedia/vendor/fruitcake/laravel-cors/src/HandleCors.php(37): Illuminate\\Pipeline\\Pipeline->Illuminate\\Pipeline\\{closure}(Object(Illuminate\\Http\\Request))
#33 /Users/santiagomonsalve/Documents/GitHub/hootpedia/Laravel_Hootpedia/vendor/laravel/framework/src/Illuminate/Pipeline/Pipeline.php(167): Fruitcake\\Cors\\HandleCors->handle(Object(Illuminate\\Http\\Request), Object(Closure))
#34 /Users/santiagomonsalve/Documents/GitHub/hootpedia/Laravel_Hootpedia/vendor/fideloper/proxy/src/TrustProxies.php(57): Illuminate\\Pipeline\\Pipeline->Illuminate\\Pipeline\\{closure}(Object(Illuminate\\Http\\Request))
#35 /Users/santiagomonsalve/Documents/GitHub/hootpedia/Laravel_Hootpedia/vendor/laravel/framework/src/Illuminate/Pipeline/Pipeline.php(167): Fideloper\\Proxy\\TrustProxies->handle(Object(Illuminate\\Http\\Request), Object(Closure))
#36 /Users/santiagomonsalve/Documents/GitHub/hootpedia/Laravel_Hootpedia/vendor/laravel/framework/src/Illuminate/Pipeline/Pipeline.php(103): Illuminate\\Pipeline\\Pipeline->Illuminate\\Pipeline\\{closure}(Object(Illuminate\\Http\\Request))
#37 /Users/santiagomonsalve/Documents/GitHub/hootpedia/Laravel_Hootpedia/vendor/laravel/framework/src/Illuminate/Foundation/Http/Kernel.php(141): Illuminate\\Pipeline\\Pipeline->then(Object(Closure))
#38 /Users/santiagomonsalve/Documents/GitHub/hootpedia/Laravel_Hootpedia/vendor/laravel/framework/src/Illuminate/Foundation/Http/Kernel.php(110): Illuminate\\Foundation\\Http\\Kernel->sendRequestThroughRouter(Object(Illuminate\\Http\\Request))
#39 /Users/santiagomonsalve/Documents/GitHub/hootpedia/Laravel_Hootpedia/public/index.php(52): Illuminate\\Foundation\\Http\\Kernel->handle(Object(Illuminate\\Http\\Request))
#40 /Users/santiagomonsalve/Documents/GitHub/hootpedia/Laravel_Hootpedia/server.php(21): require_once('/Users/santiago...')
#41 {main}
"} 
[2020-12-06 21:26:12] local.ERROR: filemtime(): stat failed for /Users/santiagomonsalve/Documents/GitHub/hootpedia/Laravel_Hootpedia/.env {"exception":"[object] (ErrorException(code: 0): filemtime(): stat failed for /Users/santiagomonsalve/Documents/GitHub/hootpedia/Laravel_Hootpedia/.env at /Users/santiagomonsalve/Documents/GitHub/hootpedia/Laravel_Hootpedia/vendor/laravel/framework/src/Illuminate/Foundation/Console/ServeCommand.php:66)
[stacktrace]
#0 [internal function]: Illuminate\\Foundation\\Bootstrap\\HandleExceptions->handleError(2, 'filemtime(): st...', '/Users/santiago...', 66, Array)
#1 /Users/santiagomonsalve/Documents/GitHub/hootpedia/Laravel_Hootpedia/vendor/laravel/framework/src/Illuminate/Foundation/Console/ServeCommand.php(66): filemtime('/Users/santiago...')
#2 /Users/santiagomonsalve/Documents/GitHub/hootpedia/Laravel_Hootpedia/vendor/laravel/framework/src/Illuminate/Container/BoundMethod.php(36): Illuminate\\Foundation\\Console\\ServeCommand->handle()
#3 /Users/santiagomonsalve/Documents/GitHub/hootpedia/Laravel_Hootpedia/vendor/laravel/framework/src/Illuminate/Container/Util.php(40): Illuminate\\Container\\BoundMethod::Illuminate\\Container\\{closure}()
#4 /Users/santiagomonsalve/Documents/GitHub/hootpedia/Laravel_Hootpedia/vendor/laravel/framework/src/Illuminate/Container/BoundMethod.php(93): Illuminate\\Container\\Util::unwrapIfClosure(Object(Closure))
#5 /Users/santiagomonsalve/Documents/GitHub/hootpedia/Laravel_Hootpedia/vendor/laravel/framework/src/Illuminate/Container/BoundMethod.php(37): Illuminate\\Container\\BoundMethod::callBoundMethod(Object(Illuminate\\Foundation\\Application), Array, Object(Closure))
#6 /Users/santiagomonsalve/Documents/GitHub/hootpedia/Laravel_Hootpedia/vendor/laravel/framework/src/Illuminate/Container/Container.php(610): Illuminate\\Container\\BoundMethod::call(Object(Illuminate\\Foundation\\Application), Array, Array, NULL)
#7 /Users/santiagomonsalve/Documents/GitHub/hootpedia/Laravel_Hootpedia/vendor/laravel/framework/src/Illuminate/Console/Command.php(136): Illuminate\\Container\\Container->call(Array)
#8 /Users/santiagomonsalve/Documents/GitHub/hootpedia/Laravel_Hootpedia/vendor/symfony/console/Command/Command.php(255): Illuminate\\Console\\Command->execute(Object(Symfony\\Component\\Console\\Input\\ArgvInput), Object(Illuminate\\Console\\OutputStyle))
#9 /Users/santiagomonsalve/Documents/GitHub/hootpedia/Laravel_Hootpedia/vendor/laravel/framework/src/Illuminate/Console/Command.php(121): Symfony\\Component\\Console\\Command\\Command->run(Object(Symfony\\Component\\Console\\Input\\ArgvInput), Object(Illuminate\\Console\\OutputStyle))
#10 /Users/santiagomonsalve/Documents/GitHub/hootpedia/Laravel_Hootpedia/vendor/symfony/console/Application.php(971): Illuminate\\Console\\Command->run(Object(Symfony\\Component\\Console\\Input\\ArgvInput), Object(Symfony\\Component\\Console\\Output\\ConsoleOutput))
#11 /Users/santiagomonsalve/Documents/GitHub/hootpedia/Laravel_Hootpedia/vendor/symfony/console/Application.php(290): Symfony\\Component\\Console\\Application->doRunCommand(Object(Illuminate\\Foundation\\Console\\ServeCommand), Object(Symfony\\Component\\Console\\Input\\ArgvInput), Object(Symfony\\Component\\Console\\Output\\ConsoleOutput))
#12 /Users/santiagomonsalve/Documents/GitHub/hootpedia/Laravel_Hootpedia/vendor/symfony/console/Application.php(166): Symfony\\Component\\Console\\Application->doRun(Object(Symfony\\Component\\Console\\Input\\ArgvInput), Object(Symfony\\Component\\Console\\Output\\ConsoleOutput))
#13 /Users/santiagomonsalve/Documents/GitHub/hootpedia/Laravel_Hootpedia/vendor/laravel/framework/src/Illuminate/Console/Application.php(93): Symfony\\Component\\Console\\Application->run(Object(Symfony\\Component\\Console\\Input\\ArgvInput), Object(Symfony\\Component\\Console\\Output\\ConsoleOutput))
#14 /Users/santiagomonsalve/Documents/GitHub/hootpedia/Laravel_Hootpedia/vendor/laravel/framework/src/Illuminate/Foundation/Console/Kernel.php(129): Illuminate\\Console\\Application->run(Object(Symfony\\Component\\Console\\Input\\ArgvInput), Object(Symfony\\Component\\Console\\Output\\ConsoleOutput))
#15 /Users/santiagomonsalve/Documents/GitHub/hootpedia/Laravel_Hootpedia/artisan(37): Illuminate\\Foundation\\Console\\Kernel->handle(Object(Symfony\\Component\\Console\\Input\\ArgvInput), Object(Symfony\\Component\\Console\\Output\\ConsoleOutput))
#16 {main}
"} 
